{"C:\\Users\\x-cit\\OneDrive\\Рабочий стол\\react_project\\react_project\\src\\App.tsx": {"path":"C:\\Users\\x-cit\\OneDrive\\Рабочий стол\\react_project\\react_project\\src\\App.tsx","all":false,"statementMap":{"0":{"start":{"line":1,"column":0},"end":{"line":1,"column":19}},"1":{"start":{"line":2,"column":0},"end":{"line":2,"column":72}},"2":{"start":{"line":3,"column":0},"end":{"line":3,"column":52}},"3":{"start":{"line":4,"column":0},"end":{"line":4,"column":40}},"4":{"start":{"line":5,"column":0},"end":{"line":5,"column":49}},"5":{"start":{"line":6,"column":0},"end":{"line":6,"column":0}},"6":{"start":{"line":7,"column":0},"end":{"line":7,"column":36}},"7":{"start":{"line":8,"column":0},"end":{"line":8,"column":10}},"8":{"start":{"line":9,"column":0},"end":{"line":9,"column":6}},"9":{"start":{"line":10,"column":0},"end":{"line":10,"column":14}},"10":{"start":{"line":11,"column":0},"end":{"line":11,"column":49}},"11":{"start":{"line":12,"column":0},"end":{"line":12,"column":53}},"12":{"start":{"line":13,"column":0},"end":{"line":13,"column":48}},"13":{"start":{"line":14,"column":0},"end":{"line":14,"column":62}},"14":{"start":{"line":15,"column":0},"end":{"line":15,"column":16}},"15":{"start":{"line":16,"column":0},"end":{"line":16,"column":67}},"16":{"start":{"line":17,"column":0},"end":{"line":17,"column":15}},"17":{"start":{"line":18,"column":0},"end":{"line":18,"column":7}},"18":{"start":{"line":19,"column":0},"end":{"line":19,"column":4}},"19":{"start":{"line":20,"column":0},"end":{"line":20,"column":2}}},"s":{"0":1,"1":1,"2":1,"3":1,"4":1,"5":1,"6":1,"7":1,"8":1,"9":1,"10":1,"11":1,"12":1,"13":1,"14":1,"15":1,"16":1,"17":1,"18":1,"19":1},"branchMap":{"0":{"type":"branch","line":7,"loc":{"start":{"line":7,"column":29},"end":{"line":20,"column":2}},"locations":[{"start":{"line":7,"column":29},"end":{"line":20,"column":2}}]}},"b":{"0":[1]},"fnMap":{"0":{"name":"App","decl":{"start":{"line":7,"column":29},"end":{"line":20,"column":2}},"loc":{"start":{"line":7,"column":29},"end":{"line":20,"column":2}},"line":7}},"f":{"0":1}}
,"C:\\Users\\x-cit\\OneDrive\\Рабочий стол\\react_project\\react_project\\src\\components\\error-boundary.tsx": {"path":"C:\\Users\\x-cit\\OneDrive\\Рабочий стол\\react_project\\react_project\\src\\components\\error-boundary.tsx","all":false,"statementMap":{"0":{"start":{"line":1,"column":0},"end":{"line":1,"column":41}},"1":{"start":{"line":2,"column":0},"end":{"line":2,"column":0}},"2":{"start":{"line":3,"column":0},"end":{"line":3,"column":77}},"3":{"start":{"line":4,"column":0},"end":{"line":4,"column":11}},"4":{"start":{"line":5,"column":0},"end":{"line":5,"column":20}},"5":{"start":{"line":6,"column":0},"end":{"line":6,"column":4}},"6":{"start":{"line":7,"column":0},"end":{"line":7,"column":0}},"7":{"start":{"line":8,"column":0},"end":{"line":8,"column":63}},"8":{"start":{"line":9,"column":0},"end":{"line":9,"column":57}},"9":{"start":{"line":10,"column":0},"end":{"line":10,"column":38}},"10":{"start":{"line":11,"column":0},"end":{"line":11,"column":3}},"11":{"start":{"line":12,"column":0},"end":{"line":12,"column":0}},"12":{"start":{"line":13,"column":0},"end":{"line":13,"column":12}},"13":{"start":{"line":14,"column":0},"end":{"line":14,"column":30}},"14":{"start":{"line":15,"column":0},"end":{"line":15,"column":75}},"15":{"start":{"line":16,"column":0},"end":{"line":16,"column":5}},"16":{"start":{"line":17,"column":0},"end":{"line":17,"column":0}},"17":{"start":{"line":18,"column":0},"end":{"line":18,"column":31}},"18":{"start":{"line":19,"column":0},"end":{"line":19,"column":3}},"19":{"start":{"line":20,"column":0},"end":{"line":20,"column":1}}},"s":{"0":1,"1":1,"2":1,"3":1,"4":3,"5":3,"6":1,"7":1,"8":1,"9":1,"10":1,"11":1,"12":1,"13":4,"14":1,"15":1,"16":3,"17":3,"18":4,"19":1},"branchMap":{"0":{"type":"branch","line":4,"loc":{"start":{"line":4,"column":2},"end":{"line":6,"column":4}},"locations":[{"start":{"line":4,"column":2},"end":{"line":6,"column":4}}]},"1":{"type":"branch","line":8,"loc":{"start":{"line":8,"column":2},"end":{"line":11,"column":3}},"locations":[{"start":{"line":8,"column":2},"end":{"line":11,"column":3}}]},"2":{"type":"branch","line":13,"loc":{"start":{"line":13,"column":2},"end":{"line":19,"column":3}},"locations":[{"start":{"line":13,"column":2},"end":{"line":19,"column":3}}]},"3":{"type":"branch","line":14,"loc":{"start":{"line":14,"column":29},"end":{"line":16,"column":5}},"locations":[{"start":{"line":14,"column":29},"end":{"line":16,"column":5}}]},"4":{"type":"branch","line":16,"loc":{"start":{"line":16,"column":4},"end":{"line":18,"column":31}},"locations":[{"start":{"line":16,"column":4},"end":{"line":18,"column":31}}]}},"b":{"0":[3],"1":[1],"2":[4],"3":[1],"4":[3]},"fnMap":{"0":{"name":"<instance_members_initializer>","decl":{"start":{"line":4,"column":2},"end":{"line":6,"column":4}},"loc":{"start":{"line":4,"column":2},"end":{"line":6,"column":4}},"line":4},"1":{"name":"componentDidCatch","decl":{"start":{"line":8,"column":2},"end":{"line":11,"column":3}},"loc":{"start":{"line":8,"column":2},"end":{"line":11,"column":3}},"line":8},"2":{"name":"render","decl":{"start":{"line":13,"column":2},"end":{"line":19,"column":3}},"loc":{"start":{"line":13,"column":2},"end":{"line":19,"column":3}},"line":13}},"f":{"0":3,"1":1,"2":4}}
,"C:\\Users\\x-cit\\OneDrive\\Рабочий стол\\react_project\\react_project\\src\\components\\persons.tsx": {"path":"C:\\Users\\x-cit\\OneDrive\\Рабочий стол\\react_project\\react_project\\src\\components\\persons.tsx","all":false,"statementMap":{"0":{"start":{"line":1,"column":0},"end":{"line":1,"column":35}},"1":{"start":{"line":2,"column":0},"end":{"line":2,"column":53}},"2":{"start":{"line":3,"column":0},"end":{"line":3,"column":58}},"3":{"start":{"line":4,"column":0},"end":{"line":4,"column":57}},"4":{"start":{"line":5,"column":0},"end":{"line":5,"column":40}},"5":{"start":{"line":6,"column":0},"end":{"line":6,"column":41}},"6":{"start":{"line":7,"column":0},"end":{"line":7,"column":59}},"7":{"start":{"line":8,"column":0},"end":{"line":8,"column":55}},"8":{"start":{"line":9,"column":0},"end":{"line":9,"column":43}},"9":{"start":{"line":10,"column":0},"end":{"line":10,"column":34}},"10":{"start":{"line":11,"column":0},"end":{"line":11,"column":50}},"11":{"start":{"line":12,"column":0},"end":{"line":12,"column":58}},"12":{"start":{"line":13,"column":0},"end":{"line":13,"column":0}},"13":{"start":{"line":14,"column":0},"end":{"line":14,"column":41}},"14":{"start":{"line":15,"column":0},"end":{"line":15,"column":43}},"15":{"start":{"line":16,"column":0},"end":{"line":16,"column":22}},"16":{"start":{"line":17,"column":0},"end":{"line":17,"column":94}},"17":{"start":{"line":18,"column":0},"end":{"line":18,"column":56}},"18":{"start":{"line":19,"column":0},"end":{"line":19,"column":39}},"19":{"start":{"line":20,"column":0},"end":{"line":20,"column":15}},"20":{"start":{"line":21,"column":0},"end":{"line":21,"column":77}},"21":{"start":{"line":22,"column":0},"end":{"line":22,"column":33}},"22":{"start":{"line":23,"column":0},"end":{"line":23,"column":0}},"23":{"start":{"line":24,"column":0},"end":{"line":24,"column":98}},"24":{"start":{"line":25,"column":0},"end":{"line":25,"column":19}},"25":{"start":{"line":26,"column":0},"end":{"line":26,"column":36}},"26":{"start":{"line":27,"column":0},"end":{"line":27,"column":39}},"27":{"start":{"line":28,"column":0},"end":{"line":28,"column":25}},"28":{"start":{"line":29,"column":0},"end":{"line":29,"column":0}},"29":{"start":{"line":30,"column":0},"end":{"line":30,"column":72}},"30":{"start":{"line":31,"column":0},"end":{"line":31,"column":0}},"31":{"start":{"line":32,"column":0},"end":{"line":32,"column":10}},"32":{"start":{"line":33,"column":0},"end":{"line":33,"column":9}},"33":{"start":{"line":34,"column":0},"end":{"line":34,"column":38}},"34":{"start":{"line":35,"column":0},"end":{"line":35,"column":21}},"35":{"start":{"line":36,"column":0},"end":{"line":36,"column":18}},"36":{"start":{"line":37,"column":0},"end":{"line":37,"column":11}},"37":{"start":{"line":38,"column":0},"end":{"line":38,"column":13}},"38":{"start":{"line":39,"column":0},"end":{"line":39,"column":46}},"39":{"start":{"line":40,"column":0},"end":{"line":40,"column":42}},"40":{"start":{"line":41,"column":0},"end":{"line":41,"column":15}},"41":{"start":{"line":42,"column":0},"end":{"line":42,"column":16}},"42":{"start":{"line":43,"column":0},"end":{"line":43,"column":22}},"43":{"start":{"line":44,"column":0},"end":{"line":44,"column":56}},"44":{"start":{"line":45,"column":0},"end":{"line":45,"column":83}},"45":{"start":{"line":46,"column":0},"end":{"line":46,"column":93}},"46":{"start":{"line":47,"column":0},"end":{"line":47,"column":55}},"47":{"start":{"line":48,"column":0},"end":{"line":48,"column":68}},"48":{"start":{"line":49,"column":0},"end":{"line":49,"column":60}},"49":{"start":{"line":50,"column":0},"end":{"line":50,"column":58}},"50":{"start":{"line":51,"column":0},"end":{"line":51,"column":62}},"51":{"start":{"line":52,"column":0},"end":{"line":52,"column":27}},"52":{"start":{"line":53,"column":0},"end":{"line":53,"column":23}},"53":{"start":{"line":54,"column":0},"end":{"line":54,"column":19}},"54":{"start":{"line":55,"column":0},"end":{"line":55,"column":17}},"55":{"start":{"line":56,"column":0},"end":{"line":56,"column":12}},"56":{"start":{"line":57,"column":0},"end":{"line":57,"column":37}},"57":{"start":{"line":58,"column":0},"end":{"line":58,"column":56}},"58":{"start":{"line":59,"column":0},"end":{"line":59,"column":14}},"59":{"start":{"line":60,"column":0},"end":{"line":60,"column":8}},"60":{"start":{"line":61,"column":0},"end":{"line":61,"column":10}},"61":{"start":{"line":62,"column":0},"end":{"line":62,"column":4}},"62":{"start":{"line":63,"column":0},"end":{"line":63,"column":2}}},"s":{"0":1,"1":1,"2":1,"3":1,"4":1,"5":1,"6":1,"7":1,"8":1,"9":1,"10":1,"11":1,"12":1,"13":1,"14":6,"15":6,"16":6,"17":6,"18":0,"19":5,"20":6,"21":6,"22":6,"23":6,"24":6,"25":4,"26":4,"27":6,"28":6,"29":6,"30":3,"31":3,"32":3,"33":3,"34":3,"35":3,"36":0,"37":0,"38":0,"39":0,"40":0,"41":0,"42":0,"43":0,"44":0,"45":0,"46":0,"47":0,"48":0,"49":0,"50":0,"51":0,"52":0,"53":0,"54":0,"55":0,"56":0,"57":0,"58":0,"59":6,"60":6,"61":6,"62":6},"branchMap":{"0":{"type":"branch","line":14,"loc":{"start":{"line":14,"column":34},"end":{"line":63,"column":2}},"locations":[{"start":{"line":14,"column":34},"end":{"line":63,"column":2}}]},"1":{"type":"branch","line":17,"loc":{"start":{"line":17,"column":53},"end":{"line":17,"column":92}},"locations":[{"start":{"line":17,"column":53},"end":{"line":17,"column":92}}]},"2":{"type":"branch","line":17,"loc":{"start":{"line":17,"column":88},"end":{"line":17,"column":94}},"locations":[{"start":{"line":17,"column":88},"end":{"line":17,"column":94}}]},"3":{"type":"branch","line":18,"loc":{"start":{"line":18,"column":55},"end":{"line":19,"column":39}},"locations":[{"start":{"line":18,"column":55},"end":{"line":19,"column":39}}]},"4":{"type":"branch","line":19,"loc":{"start":{"line":19,"column":38},"end":{"line":20,"column":15}},"locations":[{"start":{"line":19,"column":38},"end":{"line":20,"column":15}}]},"5":{"type":"branch","line":30,"loc":{"start":{"line":30,"column":15},"end":{"line":30,"column":72}},"locations":[{"start":{"line":30,"column":15},"end":{"line":30,"column":72}}]},"6":{"type":"branch","line":30,"loc":{"start":{"line":30,"column":65},"end":{"line":36,"column":18}},"locations":[{"start":{"line":30,"column":65},"end":{"line":36,"column":18}}]},"7":{"type":"branch","line":36,"loc":{"start":{"line":36,"column":16},"end":{"line":59,"column":14}},"locations":[{"start":{"line":36,"column":16},"end":{"line":59,"column":14}}]},"8":{"type":"branch","line":21,"loc":{"start":{"line":21,"column":29},"end":{"line":21,"column":75}},"locations":[{"start":{"line":21,"column":29},"end":{"line":21,"column":75}}]},"9":{"type":"branch","line":25,"loc":{"start":{"line":25,"column":12},"end":{"line":28,"column":5}},"locations":[{"start":{"line":25,"column":12},"end":{"line":28,"column":5}}]},"10":{"type":"branch","line":26,"loc":{"start":{"line":26,"column":22},"end":{"line":26,"column":33}},"locations":[{"start":{"line":26,"column":22},"end":{"line":26,"column":33}}]}},"b":{"0":[6],"1":[0],"2":[5],"3":[0],"4":[5],"5":[2],"6":[3],"7":[0],"8":[23],"9":[4],"10":[0]},"fnMap":{"0":{"name":"StarWarsCharacters","decl":{"start":{"line":14,"column":34},"end":{"line":63,"column":2}},"loc":{"start":{"line":14,"column":34},"end":{"line":63,"column":2}},"line":14}},"f":{"0":6}}
,"C:\\Users\\x-cit\\OneDrive\\Рабочий стол\\react_project\\react_project\\src\\components\\search.tsx": {"path":"C:\\Users\\x-cit\\OneDrive\\Рабочий стол\\react_project\\react_project\\src\\components\\search.tsx","all":false,"statementMap":{"0":{"start":{"line":1,"column":0},"end":{"line":1,"column":51}},"1":{"start":{"line":2,"column":0},"end":{"line":2,"column":52}},"2":{"start":{"line":3,"column":0},"end":{"line":3,"column":43}},"3":{"start":{"line":4,"column":0},"end":{"line":4,"column":55}},"4":{"start":{"line":5,"column":0},"end":{"line":5,"column":52}},"5":{"start":{"line":6,"column":0},"end":{"line":6,"column":43}},"6":{"start":{"line":7,"column":0},"end":{"line":7,"column":0}},"7":{"start":{"line":8,"column":0},"end":{"line":8,"column":39}},"8":{"start":{"line":9,"column":0},"end":{"line":9,"column":33}},"9":{"start":{"line":10,"column":0},"end":{"line":10,"column":77}},"10":{"start":{"line":11,"column":0},"end":{"line":11,"column":45}},"11":{"start":{"line":12,"column":0},"end":{"line":12,"column":33}},"12":{"start":{"line":13,"column":0},"end":{"line":13,"column":0}},"13":{"start":{"line":14,"column":0},"end":{"line":14,"column":19}},"14":{"start":{"line":15,"column":0},"end":{"line":15,"column":24}},"15":{"start":{"line":16,"column":0},"end":{"line":16,"column":46}},"16":{"start":{"line":17,"column":0},"end":{"line":17,"column":38}},"17":{"start":{"line":18,"column":0},"end":{"line":18,"column":44}},"18":{"start":{"line":19,"column":0},"end":{"line":19,"column":5}},"19":{"start":{"line":20,"column":0},"end":{"line":20,"column":9}},"20":{"start":{"line":21,"column":0},"end":{"line":21,"column":0}},"21":{"start":{"line":22,"column":0},"end":{"line":22,"column":77}},"22":{"start":{"line":23,"column":0},"end":{"line":23,"column":44}},"23":{"start":{"line":24,"column":0},"end":{"line":24,"column":27}},"24":{"start":{"line":25,"column":0},"end":{"line":25,"column":4}},"25":{"start":{"line":26,"column":0},"end":{"line":26,"column":0}},"26":{"start":{"line":27,"column":0},"end":{"line":27,"column":34}},"27":{"start":{"line":28,"column":0},"end":{"line":28,"column":23}},"28":{"start":{"line":29,"column":0},"end":{"line":29,"column":44}},"29":{"start":{"line":30,"column":0},"end":{"line":30,"column":46}},"30":{"start":{"line":31,"column":0},"end":{"line":31,"column":44}},"31":{"start":{"line":32,"column":0},"end":{"line":32,"column":22}},"32":{"start":{"line":33,"column":0},"end":{"line":33,"column":33}},"33":{"start":{"line":34,"column":0},"end":{"line":34,"column":64}},"34":{"start":{"line":35,"column":0},"end":{"line":35,"column":36}},"35":{"start":{"line":36,"column":0},"end":{"line":36,"column":13}},"36":{"start":{"line":37,"column":0},"end":{"line":37,"column":5}},"37":{"start":{"line":38,"column":0},"end":{"line":38,"column":20}},"38":{"start":{"line":39,"column":0},"end":{"line":39,"column":46}},"39":{"start":{"line":40,"column":0},"end":{"line":40,"column":44}},"40":{"start":{"line":41,"column":0},"end":{"line":41,"column":35}},"41":{"start":{"line":42,"column":0},"end":{"line":42,"column":31}},"42":{"start":{"line":43,"column":0},"end":{"line":43,"column":42}},"43":{"start":{"line":44,"column":0},"end":{"line":44,"column":4}},"44":{"start":{"line":45,"column":0},"end":{"line":45,"column":0}},"45":{"start":{"line":46,"column":0},"end":{"line":46,"column":10}},"46":{"start":{"line":47,"column":0},"end":{"line":47,"column":33}},"47":{"start":{"line":48,"column":0},"end":{"line":48,"column":12}},"48":{"start":{"line":49,"column":0},"end":{"line":49,"column":26}},"49":{"start":{"line":50,"column":0},"end":{"line":50,"column":19}},"50":{"start":{"line":51,"column":0},"end":{"line":51,"column":30}},"51":{"start":{"line":52,"column":0},"end":{"line":52,"column":21}},"52":{"start":{"line":53,"column":0},"end":{"line":53,"column":36}},"53":{"start":{"line":54,"column":0},"end":{"line":54,"column":8}},"54":{"start":{"line":55,"column":0},"end":{"line":55,"column":55}},"55":{"start":{"line":56,"column":0},"end":{"line":56,"column":21}},"56":{"start":{"line":57,"column":0},"end":{"line":57,"column":10}},"57":{"start":{"line":58,"column":0},"end":{"line":58,"column":4}},"58":{"start":{"line":59,"column":0},"end":{"line":59,"column":2}}},"s":{"0":1,"1":1,"2":1,"3":1,"4":1,"5":1,"6":1,"7":1,"8":2,"9":2,"10":2,"11":2,"12":2,"13":2,"14":2,"15":0,"16":0,"17":0,"18":0,"19":2,"20":2,"21":2,"22":0,"23":0,"24":0,"25":2,"26":2,"27":0,"28":0,"29":0,"30":0,"31":0,"32":0,"33":0,"34":0,"35":0,"36":0,"37":0,"38":0,"39":0,"40":0,"41":0,"42":0,"43":0,"44":2,"45":2,"46":2,"47":2,"48":2,"49":2,"50":2,"51":2,"52":2,"53":2,"54":2,"55":2,"56":2,"57":2,"58":2},"branchMap":{"0":{"type":"branch","line":8,"loc":{"start":{"line":8,"column":32},"end":{"line":59,"column":2}},"locations":[{"start":{"line":8,"column":32},"end":{"line":59,"column":2}}]},"1":{"type":"branch","line":10,"loc":{"start":{"line":10,"column":29},"end":{"line":10,"column":75}},"locations":[{"start":{"line":10,"column":29},"end":{"line":10,"column":75}}]},"2":{"type":"branch","line":14,"loc":{"start":{"line":14,"column":12},"end":{"line":20,"column":5}},"locations":[{"start":{"line":14,"column":12},"end":{"line":20,"column":5}}]},"3":{"type":"branch","line":15,"loc":{"start":{"line":15,"column":23},"end":{"line":19,"column":5}},"locations":[{"start":{"line":15,"column":23},"end":{"line":19,"column":5}}]}},"b":{"0":[2],"1":[22],"2":[2],"3":[0]},"fnMap":{"0":{"name":"Search","decl":{"start":{"line":8,"column":32},"end":{"line":59,"column":2}},"loc":{"start":{"line":8,"column":32},"end":{"line":59,"column":2}},"line":8},"1":{"name":"handleValueChange","decl":{"start":{"line":22,"column":28},"end":{"line":25,"column":4}},"loc":{"start":{"line":22,"column":28},"end":{"line":25,"column":4}},"line":22},"2":{"name":"handleValueClick","decl":{"start":{"line":27,"column":27},"end":{"line":44,"column":4}},"loc":{"start":{"line":27,"column":27},"end":{"line":44,"column":4}},"line":27}},"f":{"0":2,"1":0,"2":0}}
,"C:\\Users\\x-cit\\OneDrive\\Рабочий стол\\react_project\\react_project\\src\\components\\test.tsx": {"path":"C:\\Users\\x-cit\\OneDrive\\Рабочий стол\\react_project\\react_project\\src\\components\\test.tsx","all":false,"statementMap":{"0":{"start":{"line":1,"column":0},"end":{"line":1,"column":33}},"1":{"start":{"line":2,"column":0},"end":{"line":2,"column":32}},"2":{"start":{"line":3,"column":0},"end":{"line":3,"column":1}}},"s":{"0":1,"1":1,"2":1},"branchMap":{"0":{"type":"branch","line":1,"loc":{"start":{"line":1,"column":0},"end":{"line":3,"column":1}},"locations":[{"start":{"line":1,"column":0},"end":{"line":3,"column":1}}]}},"b":{"0":[1]},"fnMap":{"0":{"name":"Hello","decl":{"start":{"line":1,"column":0},"end":{"line":3,"column":1}},"loc":{"start":{"line":1,"column":0},"end":{"line":3,"column":1}},"line":1}},"f":{"0":1}}
,"C:\\Users\\x-cit\\OneDrive\\Рабочий стол\\react_project\\react_project\\src\\components\\Button\\close-button.tsx": {"path":"C:\\Users\\x-cit\\OneDrive\\Рабочий стол\\react_project\\react_project\\src\\components\\Button\\close-button.tsx","all":false,"statementMap":{"0":{"start":{"line":1,"column":0},"end":{"line":1,"column":26}},"1":{"start":{"line":2,"column":0},"end":{"line":2,"column":42}},"2":{"start":{"line":3,"column":0},"end":{"line":3,"column":64}},"3":{"start":{"line":4,"column":0},"end":{"line":4,"column":0}},"4":{"start":{"line":5,"column":0},"end":{"line":5,"column":34}},"5":{"start":{"line":6,"column":0},"end":{"line":6,"column":33}},"6":{"start":{"line":7,"column":0},"end":{"line":7,"column":43}},"7":{"start":{"line":8,"column":0},"end":{"line":8,"column":0}},"8":{"start":{"line":9,"column":0},"end":{"line":9,"column":34}},"9":{"start":{"line":10,"column":0},"end":{"line":10,"column":45}},"10":{"start":{"line":11,"column":0},"end":{"line":11,"column":4}},"11":{"start":{"line":12,"column":0},"end":{"line":12,"column":0}},"12":{"start":{"line":13,"column":0},"end":{"line":13,"column":10}},"13":{"start":{"line":14,"column":0},"end":{"line":14,"column":89}},"14":{"start":{"line":15,"column":0},"end":{"line":15,"column":11}},"15":{"start":{"line":16,"column":0},"end":{"line":16,"column":38}},"16":{"start":{"line":17,"column":0},"end":{"line":17,"column":54}},"17":{"start":{"line":18,"column":0},"end":{"line":18,"column":55}},"18":{"start":{"line":19,"column":0},"end":{"line":19,"column":15}},"19":{"start":{"line":20,"column":0},"end":{"line":20,"column":39}},"20":{"start":{"line":21,"column":0},"end":{"line":21,"column":54}},"21":{"start":{"line":22,"column":0},"end":{"line":22,"column":55}},"22":{"start":{"line":23,"column":0},"end":{"line":23,"column":15}},"23":{"start":{"line":24,"column":0},"end":{"line":24,"column":12}},"24":{"start":{"line":25,"column":0},"end":{"line":25,"column":10}},"25":{"start":{"line":26,"column":0},"end":{"line":26,"column":4}},"26":{"start":{"line":27,"column":0},"end":{"line":27,"column":2}}},"s":{"0":1,"1":1,"2":1,"3":1,"4":1,"5":4,"6":4,"7":4,"8":4,"9":1,"10":1,"11":4,"12":4,"13":4,"14":4,"15":4,"16":4,"17":4,"18":4,"19":4,"20":4,"21":4,"22":4,"23":4,"24":4,"25":4,"26":4},"branchMap":{"0":{"type":"branch","line":5,"loc":{"start":{"line":5,"column":27},"end":{"line":27,"column":2}},"locations":[{"start":{"line":5,"column":27},"end":{"line":27,"column":2}}]},"1":{"type":"branch","line":9,"loc":{"start":{"line":9,"column":27},"end":{"line":11,"column":4}},"locations":[{"start":{"line":9,"column":27},"end":{"line":11,"column":4}}]}},"b":{"0":[4],"1":[1]},"fnMap":{"0":{"name":"CloseButton","decl":{"start":{"line":5,"column":27},"end":{"line":27,"column":2}},"loc":{"start":{"line":5,"column":27},"end":{"line":27,"column":2}},"line":5},"1":{"name":"handleClickClose","decl":{"start":{"line":9,"column":27},"end":{"line":11,"column":4}},"loc":{"start":{"line":9,"column":27},"end":{"line":11,"column":4}},"line":9}},"f":{"0":4,"1":1}}
,"C:\\Users\\x-cit\\OneDrive\\Рабочий стол\\react_project\\react_project\\src\\components\\Button\\error-button.tsx": {"path":"C:\\Users\\x-cit\\OneDrive\\Рабочий стол\\react_project\\react_project\\src\\components\\Button\\error-button.tsx","all":false,"statementMap":{"0":{"start":{"line":1,"column":0},"end":{"line":1,"column":26}},"1":{"start":{"line":2,"column":0},"end":{"line":2,"column":42}},"2":{"start":{"line":3,"column":0},"end":{"line":3,"column":0}},"3":{"start":{"line":4,"column":0},"end":{"line":4,"column":34}},"4":{"start":{"line":5,"column":0},"end":{"line":5,"column":29}},"5":{"start":{"line":6,"column":0},"end":{"line":6,"column":9}},"6":{"start":{"line":7,"column":0},"end":{"line":7,"column":39}},"7":{"start":{"line":8,"column":0},"end":{"line":8,"column":21}},"8":{"start":{"line":9,"column":0},"end":{"line":9,"column":27}},"9":{"start":{"line":10,"column":0},"end":{"line":10,"column":5}},"10":{"start":{"line":11,"column":0},"end":{"line":11,"column":4}},"11":{"start":{"line":12,"column":0},"end":{"line":12,"column":0}},"12":{"start":{"line":13,"column":0},"end":{"line":13,"column":10}},"13":{"start":{"line":14,"column":0},"end":{"line":14,"column":62}},"14":{"start":{"line":15,"column":0},"end":{"line":15,"column":19}},"15":{"start":{"line":16,"column":0},"end":{"line":16,"column":13}},"16":{"start":{"line":17,"column":0},"end":{"line":17,"column":4}},"17":{"start":{"line":18,"column":0},"end":{"line":18,"column":2}}},"s":{"0":1,"1":1,"2":1,"3":1,"4":4,"5":0,"6":0,"7":0,"8":0,"9":0,"10":0,"11":4,"12":4,"13":4,"14":4,"15":4,"16":4,"17":4},"branchMap":{"0":{"type":"branch","line":4,"loc":{"start":{"line":4,"column":27},"end":{"line":18,"column":2}},"locations":[{"start":{"line":4,"column":27},"end":{"line":18,"column":2}}]}},"b":{"0":[4]},"fnMap":{"0":{"name":"ErrorButton","decl":{"start":{"line":4,"column":27},"end":{"line":18,"column":2}},"loc":{"start":{"line":4,"column":27},"end":{"line":18,"column":2}},"line":4},"1":{"name":"handleClick","decl":{"start":{"line":5,"column":22},"end":{"line":11,"column":4}},"loc":{"start":{"line":5,"column":22},"end":{"line":11,"column":4}},"line":5}},"f":{"0":4,"1":0}}
,"C:\\Users\\x-cit\\OneDrive\\Рабочий стол\\react_project\\react_project\\src\\components\\Descripton\\description.tsx": {"path":"C:\\Users\\x-cit\\OneDrive\\Рабочий стол\\react_project\\react_project\\src\\components\\Descripton\\description.tsx","all":false,"statementMap":{"0":{"start":{"line":1,"column":0},"end":{"line":1,"column":47}},"1":{"start":{"line":2,"column":0},"end":{"line":2,"column":45}},"2":{"start":{"line":3,"column":0},"end":{"line":3,"column":53}},"3":{"start":{"line":4,"column":0},"end":{"line":4,"column":42}},"4":{"start":{"line":5,"column":0},"end":{"line":5,"column":66}},"5":{"start":{"line":6,"column":0},"end":{"line":6,"column":42}},"6":{"start":{"line":7,"column":0},"end":{"line":7,"column":34}},"7":{"start":{"line":8,"column":0},"end":{"line":8,"column":69}},"8":{"start":{"line":9,"column":0},"end":{"line":9,"column":0}},"9":{"start":{"line":10,"column":0},"end":{"line":10,"column":50}},"10":{"start":{"line":11,"column":0},"end":{"line":11,"column":45}},"11":{"start":{"line":12,"column":0},"end":{"line":12,"column":67}},"12":{"start":{"line":13,"column":0},"end":{"line":13,"column":33}},"13":{"start":{"line":14,"column":0},"end":{"line":14,"column":0}},"14":{"start":{"line":15,"column":0},"end":{"line":15,"column":19}},"15":{"start":{"line":16,"column":0},"end":{"line":16,"column":43}},"16":{"start":{"line":17,"column":0},"end":{"line":17,"column":28}},"17":{"start":{"line":18,"column":0},"end":{"line":18,"column":17}},"18":{"start":{"line":19,"column":0},"end":{"line":19,"column":0}},"19":{"start":{"line":20,"column":0},"end":{"line":20,"column":75}},"20":{"start":{"line":21,"column":0},"end":{"line":21,"column":0}},"21":{"start":{"line":22,"column":0},"end":{"line":22,"column":10}},"22":{"start":{"line":23,"column":0},"end":{"line":23,"column":33}},"23":{"start":{"line":24,"column":0},"end":{"line":24,"column":21}},"24":{"start":{"line":25,"column":0},"end":{"line":25,"column":72}},"25":{"start":{"line":26,"column":0},"end":{"line":26,"column":21}},"26":{"start":{"line":27,"column":0},"end":{"line":27,"column":18}},"27":{"start":{"line":28,"column":0},"end":{"line":28,"column":11}},"28":{"start":{"line":29,"column":0},"end":{"line":29,"column":73}},"29":{"start":{"line":30,"column":0},"end":{"line":30,"column":20}},"30":{"start":{"line":31,"column":0},"end":{"line":31,"column":42}},"31":{"start":{"line":32,"column":0},"end":{"line":32,"column":15}},"32":{"start":{"line":33,"column":0},"end":{"line":33,"column":14}},"33":{"start":{"line":34,"column":0},"end":{"line":34,"column":51}},"34":{"start":{"line":35,"column":0},"end":{"line":35,"column":43}},"35":{"start":{"line":36,"column":0},"end":{"line":36,"column":41}},"36":{"start":{"line":37,"column":0},"end":{"line":37,"column":45}},"37":{"start":{"line":38,"column":0},"end":{"line":38,"column":51}},"38":{"start":{"line":39,"column":0},"end":{"line":39,"column":51}},"39":{"start":{"line":40,"column":0},"end":{"line":40,"column":49}},"40":{"start":{"line":41,"column":0},"end":{"line":41,"column":15}},"41":{"start":{"line":42,"column":0},"end":{"line":42,"column":12}},"42":{"start":{"line":43,"column":0},"end":{"line":43,"column":14}},"43":{"start":{"line":44,"column":0},"end":{"line":44,"column":8}},"44":{"start":{"line":45,"column":0},"end":{"line":45,"column":10}},"45":{"start":{"line":46,"column":0},"end":{"line":46,"column":4}},"46":{"start":{"line":47,"column":0},"end":{"line":47,"column":2}}},"s":{"0":1,"1":1,"2":1,"3":1,"4":1,"5":1,"6":1,"7":1,"8":1,"9":1,"10":4,"11":4,"12":4,"13":4,"14":4,"15":1,"16":1,"17":4,"18":4,"19":4,"20":4,"21":4,"22":4,"23":4,"24":4,"25":4,"26":2,"27":2,"28":2,"29":2,"30":2,"31":0,"32":0,"33":0,"34":0,"35":0,"36":0,"37":0,"38":0,"39":0,"40":0,"41":2,"42":2,"43":4,"44":4,"45":4,"46":4},"branchMap":{"0":{"type":"branch","line":10,"loc":{"start":{"line":10,"column":43},"end":{"line":47,"column":2}},"locations":[{"start":{"line":10,"column":43},"end":{"line":47,"column":2}}]},"1":{"type":"branch","line":25,"loc":{"start":{"line":25,"column":45},"end":{"line":25,"column":64}},"locations":[{"start":{"line":25,"column":45},"end":{"line":25,"column":64}}]},"2":{"type":"branch","line":26,"loc":{"start":{"line":26,"column":7},"end":{"line":27,"column":18}},"locations":[{"start":{"line":26,"column":7},"end":{"line":27,"column":18}}]},"3":{"type":"branch","line":27,"loc":{"start":{"line":27,"column":16},"end":{"line":43,"column":14}},"locations":[{"start":{"line":27,"column":16},"end":{"line":43,"column":14}}]},"4":{"type":"branch","line":31,"loc":{"start":{"line":31,"column":37},"end":{"line":41,"column":15}},"locations":[{"start":{"line":31,"column":37},"end":{"line":41,"column":15}}]},"5":{"type":"branch","line":15,"loc":{"start":{"line":15,"column":12},"end":{"line":18,"column":5}},"locations":[{"start":{"line":15,"column":12},"end":{"line":18,"column":5}}]}},"b":{"0":[4],"1":[0],"2":[2],"3":[2],"4":[0],"5":[1]},"fnMap":{"0":{"name":"DescriptionPerson","decl":{"start":{"line":10,"column":43},"end":{"line":47,"column":2}},"loc":{"start":{"line":10,"column":43},"end":{"line":47,"column":2}},"line":10}},"f":{"0":4}}
,"C:\\Users\\x-cit\\OneDrive\\Рабочий стол\\react_project\\react_project\\src\\components\\Layuot\\layout.tsx": {"path":"C:\\Users\\x-cit\\OneDrive\\Рабочий стол\\react_project\\react_project\\src\\components\\Layuot\\layout.tsx","all":false,"statementMap":{"0":{"start":{"line":1,"column":0},"end":{"line":1,"column":26}},"1":{"start":{"line":2,"column":0},"end":{"line":2,"column":42}},"2":{"start":{"line":3,"column":0},"end":{"line":3,"column":44}},"3":{"start":{"line":4,"column":0},"end":{"line":4,"column":42}},"4":{"start":{"line":5,"column":0},"end":{"line":5,"column":39}},"5":{"start":{"line":6,"column":0},"end":{"line":6,"column":0}},"6":{"start":{"line":7,"column":0},"end":{"line":7,"column":39}},"7":{"start":{"line":8,"column":0},"end":{"line":8,"column":10}},"8":{"start":{"line":9,"column":0},"end":{"line":9,"column":35}},"9":{"start":{"line":10,"column":0},"end":{"line":10,"column":35}},"10":{"start":{"line":11,"column":0},"end":{"line":11,"column":20}},"11":{"start":{"line":12,"column":0},"end":{"line":12,"column":17}},"12":{"start":{"line":13,"column":0},"end":{"line":13,"column":12}},"13":{"start":{"line":14,"column":0},"end":{"line":14,"column":36}},"14":{"start":{"line":15,"column":0},"end":{"line":15,"column":18}},"15":{"start":{"line":16,"column":0},"end":{"line":16,"column":12}},"16":{"start":{"line":17,"column":0},"end":{"line":17,"column":10}},"17":{"start":{"line":18,"column":0},"end":{"line":18,"column":4}},"18":{"start":{"line":19,"column":0},"end":{"line":19,"column":2}}},"s":{"0":1,"1":1,"2":1,"3":1,"4":1,"5":1,"6":1,"7":1,"8":1,"9":1,"10":1,"11":1,"12":1,"13":1,"14":1,"15":1,"16":1,"17":1,"18":1},"branchMap":{"0":{"type":"branch","line":7,"loc":{"start":{"line":7,"column":32},"end":{"line":19,"column":2}},"locations":[{"start":{"line":7,"column":32},"end":{"line":19,"column":2}}]}},"b":{"0":[1]},"fnMap":{"0":{"name":"Layout","decl":{"start":{"line":7,"column":32},"end":{"line":19,"column":2}},"loc":{"start":{"line":7,"column":32},"end":{"line":19,"column":2}},"line":7}},"f":{"0":1}}
,"C:\\Users\\x-cit\\OneDrive\\Рабочий стол\\react_project\\react_project\\src\\components\\Limit-select\\limit-select.tsx": {"path":"C:\\Users\\x-cit\\OneDrive\\Рабочий стол\\react_project\\react_project\\src\\components\\Limit-select\\limit-select.tsx","all":false,"statementMap":{"0":{"start":{"line":1,"column":0},"end":{"line":1,"column":26}},"1":{"start":{"line":2,"column":0},"end":{"line":2,"column":41}},"2":{"start":{"line":3,"column":0},"end":{"line":3,"column":77}},"3":{"start":{"line":4,"column":0},"end":{"line":4,"column":0}},"4":{"start":{"line":5,"column":0},"end":{"line":5,"column":44}},"5":{"start":{"line":6,"column":0},"end":{"line":6,"column":32}},"6":{"start":{"line":7,"column":0},"end":{"line":7,"column":22}},"7":{"start":{"line":8,"column":0},"end":{"line":8,"column":33}},"8":{"start":{"line":9,"column":0},"end":{"line":9,"column":33}},"9":{"start":{"line":10,"column":0},"end":{"line":10,"column":43}},"10":{"start":{"line":11,"column":0},"end":{"line":11,"column":97}},"11":{"start":{"line":12,"column":0},"end":{"line":12,"column":0}},"12":{"start":{"line":13,"column":0},"end":{"line":13,"column":73}},"13":{"start":{"line":14,"column":0},"end":{"line":14,"column":47}},"14":{"start":{"line":15,"column":0},"end":{"line":15,"column":62}},"15":{"start":{"line":16,"column":0},"end":{"line":16,"column":48}},"16":{"start":{"line":17,"column":0},"end":{"line":17,"column":34}},"17":{"start":{"line":18,"column":0},"end":{"line":18,"column":45}},"18":{"start":{"line":19,"column":0},"end":{"line":19,"column":4}},"19":{"start":{"line":20,"column":0},"end":{"line":20,"column":0}},"20":{"start":{"line":21,"column":0},"end":{"line":21,"column":10}},"21":{"start":{"line":22,"column":0},"end":{"line":22,"column":40}},"22":{"start":{"line":23,"column":0},"end":{"line":23,"column":64}},"23":{"start":{"line":24,"column":0},"end":{"line":24,"column":13}},"24":{"start":{"line":25,"column":0},"end":{"line":25,"column":30}},"25":{"start":{"line":26,"column":0},"end":{"line":26,"column":21}},"26":{"start":{"line":27,"column":0},"end":{"line":27,"column":33}},"27":{"start":{"line":28,"column":0},"end":{"line":28,"column":31}},"28":{"start":{"line":29,"column":0},"end":{"line":29,"column":7}},"29":{"start":{"line":30,"column":0},"end":{"line":30,"column":34}},"30":{"start":{"line":31,"column":0},"end":{"line":31,"column":46}},"31":{"start":{"line":32,"column":0},"end":{"line":32,"column":20}},"32":{"start":{"line":33,"column":0},"end":{"line":33,"column":19}},"33":{"start":{"line":34,"column":0},"end":{"line":34,"column":11}},"34":{"start":{"line":35,"column":0},"end":{"line":35,"column":15}},"35":{"start":{"line":36,"column":0},"end":{"line":36,"column":10}},"36":{"start":{"line":37,"column":0},"end":{"line":37,"column":4}},"37":{"start":{"line":38,"column":0},"end":{"line":38,"column":2}}},"s":{"0":1,"1":1,"2":1,"3":1,"4":1,"5":4,"6":4,"7":4,"8":4,"9":4,"10":4,"11":4,"12":4,"13":1,"14":1,"15":1,"16":1,"17":1,"18":1,"19":4,"20":4,"21":4,"22":4,"23":4,"24":4,"25":4,"26":4,"27":4,"28":4,"29":4,"30":16,"31":16,"32":16,"33":4,"34":4,"35":4,"36":4,"37":4},"branchMap":{"0":{"type":"branch","line":5,"loc":{"start":{"line":5,"column":37},"end":{"line":38,"column":2}},"locations":[{"start":{"line":5,"column":37},"end":{"line":38,"column":2}}]},"1":{"type":"branch","line":11,"loc":{"start":{"line":11,"column":48},"end":{"line":11,"column":88}},"locations":[{"start":{"line":11,"column":48},"end":{"line":11,"column":88}}]},"2":{"type":"branch","line":11,"loc":{"start":{"line":11,"column":84},"end":{"line":11,"column":97}},"locations":[{"start":{"line":11,"column":84},"end":{"line":11,"column":97}}]},"3":{"type":"branch","line":13,"loc":{"start":{"line":13,"column":23},"end":{"line":19,"column":4}},"locations":[{"start":{"line":13,"column":23},"end":{"line":19,"column":4}}]},"4":{"type":"branch","line":30,"loc":{"start":{"line":30,"column":21},"end":{"line":33,"column":19}},"locations":[{"start":{"line":30,"column":21},"end":{"line":33,"column":19}}]}},"b":{"0":[4],"1":[1],"2":[3],"3":[1],"4":[16]},"fnMap":{"0":{"name":"LimitSelect","decl":{"start":{"line":5,"column":37},"end":{"line":38,"column":2}},"loc":{"start":{"line":5,"column":37},"end":{"line":38,"column":2}},"line":5},"1":{"name":"handleChange","decl":{"start":{"line":13,"column":23},"end":{"line":19,"column":4}},"loc":{"start":{"line":13,"column":23},"end":{"line":19,"column":4}},"line":13}},"f":{"0":4,"1":1}}
,"C:\\Users\\x-cit\\OneDrive\\Рабочий стол\\react_project\\react_project\\src\\components\\Loader\\loader.tsx": {"path":"C:\\Users\\x-cit\\OneDrive\\Рабочий стол\\react_project\\react_project\\src\\components\\Loader\\loader.tsx","all":false,"statementMap":{"0":{"start":{"line":1,"column":0},"end":{"line":1,"column":23}},"1":{"start":{"line":2,"column":0},"end":{"line":2,"column":0}},"2":{"start":{"line":3,"column":0},"end":{"line":3,"column":39}},"3":{"start":{"line":4,"column":0},"end":{"line":4,"column":10}},"4":{"start":{"line":5,"column":0},"end":{"line":5,"column":9}},"5":{"start":{"line":6,"column":0},"end":{"line":6,"column":36}},"6":{"start":{"line":7,"column":0},"end":{"line":7,"column":10}},"7":{"start":{"line":8,"column":0},"end":{"line":8,"column":4}},"8":{"start":{"line":9,"column":0},"end":{"line":9,"column":2}}},"s":{"0":1,"1":1,"2":1,"3":5,"4":5,"5":5,"6":5,"7":5,"8":5},"branchMap":{"0":{"type":"branch","line":3,"loc":{"start":{"line":3,"column":32},"end":{"line":9,"column":2}},"locations":[{"start":{"line":3,"column":32},"end":{"line":9,"column":2}}]}},"b":{"0":[5]},"fnMap":{"0":{"name":"Loader","decl":{"start":{"line":3,"column":32},"end":{"line":9,"column":2}},"loc":{"start":{"line":3,"column":32},"end":{"line":9,"column":2}},"line":3}},"f":{"0":5}}
,"C:\\Users\\x-cit\\OneDrive\\Рабочий стол\\react_project\\react_project\\src\\components\\Pagination\\pagination.tsx": {"path":"C:\\Users\\x-cit\\OneDrive\\Рабочий стол\\react_project\\react_project\\src\\components\\Pagination\\pagination.tsx","all":false,"statementMap":{"0":{"start":{"line":1,"column":0},"end":{"line":1,"column":56}},"1":{"start":{"line":2,"column":0},"end":{"line":2,"column":46}},"2":{"start":{"line":3,"column":0},"end":{"line":3,"column":51}},"3":{"start":{"line":4,"column":0},"end":{"line":4,"column":34}},"4":{"start":{"line":5,"column":0},"end":{"line":5,"column":0}},"5":{"start":{"line":6,"column":0},"end":{"line":6,"column":27}},"6":{"start":{"line":7,"column":0},"end":{"line":7,"column":16}},"7":{"start":{"line":8,"column":0},"end":{"line":8,"column":1}},"8":{"start":{"line":9,"column":0},"end":{"line":9,"column":0}},"9":{"start":{"line":10,"column":0},"end":{"line":10,"column":59}},"10":{"start":{"line":11,"column":0},"end":{"line":11,"column":33}},"11":{"start":{"line":12,"column":0},"end":{"line":12,"column":33}},"12":{"start":{"line":13,"column":0},"end":{"line":13,"column":60}},"13":{"start":{"line":14,"column":0},"end":{"line":14,"column":94}},"14":{"start":{"line":15,"column":0},"end":{"line":15,"column":0}},"15":{"start":{"line":16,"column":0},"end":{"line":16,"column":46}},"16":{"start":{"line":17,"column":0},"end":{"line":17,"column":62}},"17":{"start":{"line":18,"column":0},"end":{"line":18,"column":46}},"18":{"start":{"line":19,"column":0},"end":{"line":19,"column":45}},"19":{"start":{"line":20,"column":0},"end":{"line":20,"column":4}},"20":{"start":{"line":21,"column":0},"end":{"line":21,"column":0}},"21":{"start":{"line":22,"column":0},"end":{"line":22,"column":19}},"22":{"start":{"line":23,"column":0},"end":{"line":23,"column":65}},"23":{"start":{"line":24,"column":0},"end":{"line":24,"column":56}},"24":{"start":{"line":25,"column":0},"end":{"line":25,"column":37}},"25":{"start":{"line":26,"column":0},"end":{"line":26,"column":37}},"26":{"start":{"line":27,"column":0},"end":{"line":27,"column":0}},"27":{"start":{"line":28,"column":0},"end":{"line":28,"column":10}},"28":{"start":{"line":29,"column":0},"end":{"line":29,"column":64}},"29":{"start":{"line":30,"column":0},"end":{"line":30,"column":96}},"30":{"start":{"line":31,"column":0},"end":{"line":31,"column":16}},"31":{"start":{"line":32,"column":0},"end":{"line":32,"column":12}},"32":{"start":{"line":33,"column":0},"end":{"line":33,"column":10}},"33":{"start":{"line":34,"column":0},"end":{"line":34,"column":35}},"34":{"start":{"line":35,"column":0},"end":{"line":35,"column":81}},"35":{"start":{"line":36,"column":0},"end":{"line":36,"column":31}},"36":{"start":{"line":37,"column":0},"end":{"line":37,"column":7}},"37":{"start":{"line":38,"column":0},"end":{"line":38,"column":12}},"38":{"start":{"line":39,"column":0},"end":{"line":39,"column":12}},"39":{"start":{"line":40,"column":0},"end":{"line":40,"column":45}},"40":{"start":{"line":41,"column":0},"end":{"line":41,"column":29}},"41":{"start":{"line":42,"column":0},"end":{"line":42,"column":13}},"42":{"start":{"line":43,"column":0},"end":{"line":43,"column":10}},"43":{"start":{"line":44,"column":0},"end":{"line":44,"column":35}},"44":{"start":{"line":45,"column":0},"end":{"line":45,"column":31}},"45":{"start":{"line":46,"column":0},"end":{"line":46,"column":89}},"46":{"start":{"line":47,"column":0},"end":{"line":47,"column":7}},"47":{"start":{"line":48,"column":0},"end":{"line":48,"column":12}},"48":{"start":{"line":49,"column":0},"end":{"line":49,"column":12}},"49":{"start":{"line":50,"column":0},"end":{"line":50,"column":10}},"50":{"start":{"line":51,"column":0},"end":{"line":51,"column":35}},"51":{"start":{"line":52,"column":0},"end":{"line":52,"column":47}},"52":{"start":{"line":53,"column":0},"end":{"line":53,"column":31}},"53":{"start":{"line":54,"column":0},"end":{"line":54,"column":7}},"54":{"start":{"line":55,"column":0},"end":{"line":55,"column":16}},"55":{"start":{"line":56,"column":0},"end":{"line":56,"column":12}},"56":{"start":{"line":57,"column":0},"end":{"line":57,"column":10}},"57":{"start":{"line":58,"column":0},"end":{"line":58,"column":4}},"58":{"start":{"line":59,"column":0},"end":{"line":59,"column":2}}},"s":{"0":1,"1":1,"2":1,"3":1,"4":1,"5":1,"6":1,"7":1,"8":1,"9":1,"10":14,"11":14,"12":14,"13":14,"14":14,"15":14,"16":4,"17":4,"18":4,"19":4,"20":14,"21":14,"22":8,"23":8,"24":8,"25":14,"26":14,"27":14,"28":14,"29":14,"30":14,"31":14,"32":14,"33":14,"34":14,"35":14,"36":14,"37":14,"38":14,"39":14,"40":14,"41":14,"42":14,"43":14,"44":14,"45":14,"46":14,"47":14,"48":14,"49":14,"50":14,"51":14,"52":14,"53":14,"54":14,"55":14,"56":14,"57":14,"58":14},"branchMap":{"0":{"type":"branch","line":10,"loc":{"start":{"line":10,"column":26},"end":{"line":59,"column":2}},"locations":[{"start":{"line":10,"column":26},"end":{"line":59,"column":2}}]},"1":{"type":"branch","line":14,"loc":{"start":{"line":14,"column":53},"end":{"line":14,"column":92}},"locations":[{"start":{"line":14,"column":53},"end":{"line":14,"column":92}}]},"2":{"type":"branch","line":14,"loc":{"start":{"line":14,"column":88},"end":{"line":14,"column":94}},"locations":[{"start":{"line":14,"column":88},"end":{"line":14,"column":94}}]},"3":{"type":"branch","line":16,"loc":{"start":{"line":16,"column":27},"end":{"line":20,"column":4}},"locations":[{"start":{"line":16,"column":27},"end":{"line":20,"column":4}}]},"4":{"type":"branch","line":22,"loc":{"start":{"line":22,"column":12},"end":{"line":26,"column":5}},"locations":[{"start":{"line":22,"column":12},"end":{"line":26,"column":5}}]},"5":{"type":"branch","line":30,"loc":{"start":{"line":30,"column":48},"end":{"line":30,"column":75}},"locations":[{"start":{"line":30,"column":48},"end":{"line":30,"column":75}}]},"6":{"type":"branch","line":35,"loc":{"start":{"line":35,"column":17},"end":{"line":35,"column":81}},"locations":[{"start":{"line":35,"column":17},"end":{"line":35,"column":81}}]},"7":{"type":"branch","line":35,"loc":{"start":{"line":35,"column":74},"end":{"line":35,"column":79}},"locations":[{"start":{"line":35,"column":74},"end":{"line":35,"column":79}}]},"8":{"type":"branch","line":46,"loc":{"start":{"line":46,"column":17},"end":{"line":46,"column":89}},"locations":[{"start":{"line":46,"column":17},"end":{"line":46,"column":89}}]},"9":{"type":"branch","line":46,"loc":{"start":{"line":46,"column":78},"end":{"line":46,"column":87}},"locations":[{"start":{"line":46,"column":78},"end":{"line":46,"column":87}}]},"10":{"type":"branch","line":52,"loc":{"start":{"line":52,"column":17},"end":{"line":52,"column":47}},"locations":[{"start":{"line":52,"column":17},"end":{"line":52,"column":47}}]}},"b":{"0":[14],"1":[12],"2":[2],"3":[4],"4":[8],"5":[1],"6":[1],"7":[0],"8":[1],"9":[0],"10":[1]},"fnMap":{"0":{"name":"Pagination","decl":{"start":{"line":10,"column":26},"end":{"line":59,"column":2}},"loc":{"start":{"line":10,"column":26},"end":{"line":59,"column":2}},"line":10},"1":{"name":"handlePageChange","decl":{"start":{"line":16,"column":27},"end":{"line":20,"column":4}},"loc":{"start":{"line":16,"column":27},"end":{"line":20,"column":4}},"line":16},"2":{"name":"onClick","decl":{"start":{"line":30,"column":48},"end":{"line":30,"column":75}},"loc":{"start":{"line":30,"column":48},"end":{"line":30,"column":75}},"line":30},"3":{"name":"onClick","decl":{"start":{"line":35,"column":17},"end":{"line":35,"column":81}},"loc":{"start":{"line":35,"column":17},"end":{"line":35,"column":81}},"line":35},"4":{"name":"onClick","decl":{"start":{"line":46,"column":17},"end":{"line":46,"column":89}},"loc":{"start":{"line":46,"column":17},"end":{"line":46,"column":89}},"line":46},"5":{"name":"onClick","decl":{"start":{"line":52,"column":17},"end":{"line":52,"column":47}},"loc":{"start":{"line":52,"column":17},"end":{"line":52,"column":47}},"line":52}},"f":{"0":14,"1":4,"2":1,"3":1,"4":1,"5":1}}
,"C:\\Users\\x-cit\\OneDrive\\Рабочий стол\\react_project\\react_project\\src\\components\\Popap\\popap.tsx": {"path":"C:\\Users\\x-cit\\OneDrive\\Рабочий стол\\react_project\\react_project\\src\\components\\Popap\\popap.tsx","all":false,"statementMap":{"0":{"start":{"line":1,"column":0},"end":{"line":1,"column":43}},"1":{"start":{"line":2,"column":0},"end":{"line":2,"column":41}},"2":{"start":{"line":3,"column":0},"end":{"line":3,"column":51}},"3":{"start":{"line":4,"column":0},"end":{"line":4,"column":0}},"4":{"start":{"line":5,"column":0},"end":{"line":5,"column":38}},"5":{"start":{"line":6,"column":0},"end":{"line":6,"column":33}},"6":{"start":{"line":7,"column":0},"end":{"line":7,"column":43}},"7":{"start":{"line":8,"column":0},"end":{"line":8,"column":34}},"8":{"start":{"line":9,"column":0},"end":{"line":9,"column":45}},"9":{"start":{"line":10,"column":0},"end":{"line":10,"column":4}},"10":{"start":{"line":11,"column":0},"end":{"line":11,"column":73}},"11":{"start":{"line":12,"column":0},"end":{"line":12,"column":2}}},"s":{"0":1,"1":1,"2":1,"3":1,"4":1,"5":1,"6":1,"7":1,"8":0,"9":0,"10":1,"11":1},"branchMap":{"0":{"type":"branch","line":5,"loc":{"start":{"line":5,"column":31},"end":{"line":12,"column":2}},"locations":[{"start":{"line":5,"column":31},"end":{"line":12,"column":2}}]}},"b":{"0":[1]},"fnMap":{"0":{"name":"Popap","decl":{"start":{"line":5,"column":31},"end":{"line":12,"column":2}},"loc":{"start":{"line":5,"column":31},"end":{"line":12,"column":2}},"line":5},"1":{"name":"handleCloseClick","decl":{"start":{"line":8,"column":27},"end":{"line":10,"column":4}},"loc":{"start":{"line":8,"column":27},"end":{"line":10,"column":4}},"line":8}},"f":{"0":1,"1":0}}
,"C:\\Users\\x-cit\\OneDrive\\Рабочий стол\\react_project\\react_project\\src\\features\\cardsSlice.ts": {"path":"C:\\Users\\x-cit\\OneDrive\\Рабочий стол\\react_project\\react_project\\src\\features\\cardsSlice.ts","all":false,"statementMap":{"0":{"start":{"line":1,"column":0},"end":{"line":1,"column":47}},"1":{"start":{"line":2,"column":0},"end":{"line":2,"column":35}},"2":{"start":{"line":3,"column":0},"end":{"line":3,"column":0}},"3":{"start":{"line":4,"column":0},"end":{"line":4,"column":22}},"4":{"start":{"line":5,"column":0},"end":{"line":5,"column":19}},"5":{"start":{"line":6,"column":0},"end":{"line":6,"column":1}},"6":{"start":{"line":7,"column":0},"end":{"line":7,"column":0}},"7":{"start":{"line":8,"column":0},"end":{"line":8,"column":34}},"8":{"start":{"line":9,"column":0},"end":{"line":9,"column":12}},"9":{"start":{"line":10,"column":0},"end":{"line":10,"column":2}},"10":{"start":{"line":11,"column":0},"end":{"line":11,"column":0}},"11":{"start":{"line":12,"column":0},"end":{"line":12,"column":39}},"12":{"start":{"line":13,"column":0},"end":{"line":13,"column":16}},"13":{"start":{"line":14,"column":0},"end":{"line":14,"column":15}},"14":{"start":{"line":15,"column":0},"end":{"line":15,"column":13}},"15":{"start":{"line":16,"column":0},"end":{"line":16,"column":34}},"16":{"start":{"line":17,"column":0},"end":{"line":17,"column":35}},"17":{"start":{"line":18,"column":0},"end":{"line":18,"column":31}},"18":{"start":{"line":19,"column":0},"end":{"line":19,"column":6}},"19":{"start":{"line":20,"column":0},"end":{"line":20,"column":4}},"20":{"start":{"line":21,"column":0},"end":{"line":21,"column":3}},"21":{"start":{"line":22,"column":0},"end":{"line":22,"column":0}},"22":{"start":{"line":23,"column":0},"end":{"line":23,"column":47}},"23":{"start":{"line":24,"column":0},"end":{"line":24,"column":34}}},"s":{"0":1,"1":1,"2":1,"3":1,"4":1,"5":1,"6":1,"7":1,"8":1,"9":1,"10":1,"11":1,"12":1,"13":1,"14":1,"15":1,"16":5,"17":5,"18":5,"19":1,"20":1,"21":1,"22":1,"23":1},"branchMap":{"0":{"type":"branch","line":16,"loc":{"start":{"line":16,"column":14},"end":{"line":19,"column":6}},"locations":[{"start":{"line":16,"column":14},"end":{"line":19,"column":6}}]}},"b":{"0":[5]},"fnMap":{"0":{"name":"setCards","decl":{"start":{"line":16,"column":14},"end":{"line":19,"column":6}},"loc":{"start":{"line":16,"column":14},"end":{"line":19,"column":6}},"line":16}},"f":{"0":5}}
,"C:\\Users\\x-cit\\OneDrive\\Рабочий стол\\react_project\\react_project\\src\\features\\isLoadingDescSlice.ts": {"path":"C:\\Users\\x-cit\\OneDrive\\Рабочий стол\\react_project\\react_project\\src\\features\\isLoadingDescSlice.ts","all":false,"statementMap":{"0":{"start":{"line":1,"column":0},"end":{"line":1,"column":47}},"1":{"start":{"line":2,"column":0},"end":{"line":2,"column":0}},"2":{"start":{"line":3,"column":0},"end":{"line":3,"column":22}},"3":{"start":{"line":4,"column":0},"end":{"line":4,"column":23}},"4":{"start":{"line":5,"column":0},"end":{"line":5,"column":2}},"5":{"start":{"line":6,"column":0},"end":{"line":6,"column":0}},"6":{"start":{"line":7,"column":0},"end":{"line":7,"column":47}},"7":{"start":{"line":8,"column":0},"end":{"line":8,"column":24}},"8":{"start":{"line":9,"column":0},"end":{"line":9,"column":15}},"9":{"start":{"line":10,"column":0},"end":{"line":10,"column":13}},"10":{"start":{"line":11,"column":0},"end":{"line":11,"column":42}},"11":{"start":{"line":12,"column":0},"end":{"line":12,"column":43}},"12":{"start":{"line":13,"column":0},"end":{"line":13,"column":6}},"13":{"start":{"line":14,"column":0},"end":{"line":14,"column":4}},"14":{"start":{"line":15,"column":0},"end":{"line":15,"column":3}},"15":{"start":{"line":16,"column":0},"end":{"line":16,"column":0}},"16":{"start":{"line":17,"column":0},"end":{"line":17,"column":63}},"17":{"start":{"line":18,"column":0},"end":{"line":18,"column":42}}},"s":{"0":1,"1":1,"2":1,"3":1,"4":1,"5":1,"6":1,"7":1,"8":1,"9":1,"10":1,"11":0,"12":0,"13":1,"14":1,"15":1,"16":1,"17":1},"branchMap":{},"b":{},"fnMap":{"0":{"name":"setIsLoadingDesc","decl":{"start":{"line":11,"column":22},"end":{"line":13,"column":6}},"loc":{"start":{"line":11,"column":22},"end":{"line":13,"column":6}},"line":11}},"f":{"0":0}}
,"C:\\Users\\x-cit\\OneDrive\\Рабочий стол\\react_project\\react_project\\src\\features\\isLoadingSlice.ts": {"path":"C:\\Users\\x-cit\\OneDrive\\Рабочий стол\\react_project\\react_project\\src\\features\\isLoadingSlice.ts","all":false,"statementMap":{"0":{"start":{"line":1,"column":0},"end":{"line":1,"column":47}},"1":{"start":{"line":2,"column":0},"end":{"line":2,"column":0}},"2":{"start":{"line":3,"column":0},"end":{"line":3,"column":22}},"3":{"start":{"line":4,"column":0},"end":{"line":4,"column":19}},"4":{"start":{"line":5,"column":0},"end":{"line":5,"column":2}},"5":{"start":{"line":6,"column":0},"end":{"line":6,"column":0}},"6":{"start":{"line":7,"column":0},"end":{"line":7,"column":43}},"7":{"start":{"line":8,"column":0},"end":{"line":8,"column":20}},"8":{"start":{"line":9,"column":0},"end":{"line":9,"column":15}},"9":{"start":{"line":10,"column":0},"end":{"line":10,"column":13}},"10":{"start":{"line":11,"column":0},"end":{"line":11,"column":38}},"11":{"start":{"line":12,"column":0},"end":{"line":12,"column":39}},"12":{"start":{"line":13,"column":0},"end":{"line":13,"column":35}},"13":{"start":{"line":14,"column":0},"end":{"line":14,"column":6}},"14":{"start":{"line":15,"column":0},"end":{"line":15,"column":4}},"15":{"start":{"line":16,"column":0},"end":{"line":16,"column":3}},"16":{"start":{"line":17,"column":0},"end":{"line":17,"column":0}},"17":{"start":{"line":18,"column":0},"end":{"line":18,"column":55}},"18":{"start":{"line":19,"column":0},"end":{"line":19,"column":38}}},"s":{"0":1,"1":1,"2":1,"3":1,"4":1,"5":1,"6":1,"7":1,"8":1,"9":1,"10":1,"11":5,"12":5,"13":5,"14":1,"15":1,"16":1,"17":1,"18":1},"branchMap":{"0":{"type":"branch","line":11,"loc":{"start":{"line":11,"column":18},"end":{"line":14,"column":6}},"locations":[{"start":{"line":11,"column":18},"end":{"line":14,"column":6}}]}},"b":{"0":[5]},"fnMap":{"0":{"name":"setIsLoading","decl":{"start":{"line":11,"column":18},"end":{"line":14,"column":6}},"loc":{"start":{"line":11,"column":18},"end":{"line":14,"column":6}},"line":11}},"f":{"0":5}}
,"C:\\Users\\x-cit\\OneDrive\\Рабочий стол\\react_project\\react_project\\src\\features\\peopleApi.ts": {"path":"C:\\Users\\x-cit\\OneDrive\\Рабочий стол\\react_project\\react_project\\src\\features\\peopleApi.ts","all":false,"statementMap":{"0":{"start":{"line":1,"column":0},"end":{"line":1,"column":73}},"1":{"start":{"line":2,"column":0},"end":{"line":2,"column":35}},"2":{"start":{"line":3,"column":0},"end":{"line":3,"column":0}},"3":{"start":{"line":4,"column":0},"end":{"line":4,"column":36}},"4":{"start":{"line":5,"column":0},"end":{"line":5,"column":27}},"5":{"start":{"line":6,"column":0},"end":{"line":6,"column":72}},"6":{"start":{"line":7,"column":0},"end":{"line":7,"column":26}},"7":{"start":{"line":8,"column":0},"end":{"line":8,"column":29}},"8":{"start":{"line":9,"column":0},"end":{"line":9,"column":71}},"9":{"start":{"line":10,"column":0},"end":{"line":10,"column":66}},"10":{"start":{"line":11,"column":0},"end":{"line":11,"column":82}},"11":{"start":{"line":12,"column":0},"end":{"line":12,"column":8}},"12":{"start":{"line":13,"column":0},"end":{"line":13,"column":86}},"13":{"start":{"line":14,"column":0},"end":{"line":14,"column":28}},"14":{"start":{"line":15,"column":0},"end":{"line":15,"column":73}},"15":{"start":{"line":16,"column":0},"end":{"line":16,"column":51}},"16":{"start":{"line":17,"column":0},"end":{"line":17,"column":75}},"17":{"start":{"line":18,"column":0},"end":{"line":18,"column":16}},"18":{"start":{"line":19,"column":0},"end":{"line":19,"column":31}},"19":{"start":{"line":20,"column":0},"end":{"line":20,"column":60}},"20":{"start":{"line":21,"column":0},"end":{"line":21,"column":10}},"21":{"start":{"line":22,"column":0},"end":{"line":22,"column":8}},"22":{"start":{"line":23,"column":0},"end":{"line":23,"column":7}},"23":{"start":{"line":24,"column":0},"end":{"line":24,"column":33}},"24":{"start":{"line":25,"column":0},"end":{"line":25,"column":36}},"25":{"start":{"line":26,"column":0},"end":{"line":26,"column":7}},"26":{"start":{"line":27,"column":0},"end":{"line":27,"column":5}},"27":{"start":{"line":28,"column":0},"end":{"line":28,"column":3}},"28":{"start":{"line":29,"column":0},"end":{"line":29,"column":0}},"29":{"start":{"line":30,"column":0},"end":{"line":30,"column":72}}},"s":{"0":1,"1":1,"2":1,"3":1,"4":1,"5":1,"6":1,"7":5,"8":5,"9":2,"10":2,"11":2,"12":5,"13":0,"14":0,"15":0,"16":0,"17":0,"18":0,"19":0,"20":0,"21":0,"22":5,"23":5,"24":5,"25":5,"26":5,"27":1,"28":1,"29":1},"branchMap":{"0":{"type":"branch","line":7,"loc":{"start":{"line":7,"column":13},"end":{"line":27,"column":5}},"locations":[{"start":{"line":7,"column":13},"end":{"line":27,"column":5}}]},"1":{"type":"branch","line":9,"loc":{"start":{"line":9,"column":13},"end":{"line":12,"column":8}},"locations":[{"start":{"line":9,"column":13},"end":{"line":12,"column":8}}]},"2":{"type":"branch","line":11,"loc":{"start":{"line":11,"column":51},"end":{"line":11,"column":79}},"locations":[{"start":{"line":11,"column":51},"end":{"line":11,"column":79}}]},"3":{"type":"branch","line":25,"loc":{"start":{"line":25,"column":13},"end":{"line":25,"column":36}},"locations":[{"start":{"line":25,"column":13},"end":{"line":25,"column":36}}]}},"b":{"0":[5],"1":[2],"2":[0],"3":[1]},"fnMap":{"0":{"name":"endpoints","decl":{"start":{"line":7,"column":13},"end":{"line":27,"column":5}},"loc":{"start":{"line":7,"column":13},"end":{"line":27,"column":5}},"line":7},"1":{"name":"query","decl":{"start":{"line":9,"column":13},"end":{"line":12,"column":8}},"loc":{"start":{"line":9,"column":13},"end":{"line":12,"column":8}},"line":9},"2":{"name":"transformResponse","decl":{"start":{"line":13,"column":25},"end":{"line":22,"column":8}},"loc":{"start":{"line":13,"column":25},"end":{"line":22,"column":8}},"line":13},"3":{"name":"query","decl":{"start":{"line":25,"column":13},"end":{"line":25,"column":36}},"loc":{"start":{"line":25,"column":13},"end":{"line":25,"column":36}},"line":25}},"f":{"0":5,"1":2,"2":0,"3":1}}
,"C:\\Users\\x-cit\\OneDrive\\Рабочий стол\\react_project\\react_project\\src\\features\\searchSlice.ts": {"path":"C:\\Users\\x-cit\\OneDrive\\Рабочий стол\\react_project\\react_project\\src\\features\\searchSlice.ts","all":false,"statementMap":{"0":{"start":{"line":1,"column":0},"end":{"line":1,"column":47}},"1":{"start":{"line":2,"column":0},"end":{"line":2,"column":61}},"2":{"start":{"line":3,"column":0},"end":{"line":3,"column":22}},"3":{"start":{"line":4,"column":0},"end":{"line":4,"column":39}},"4":{"start":{"line":5,"column":0},"end":{"line":5,"column":2}},"5":{"start":{"line":6,"column":0},"end":{"line":6,"column":0}},"6":{"start":{"line":7,"column":0},"end":{"line":7,"column":40}},"7":{"start":{"line":8,"column":0},"end":{"line":8,"column":17}},"8":{"start":{"line":9,"column":0},"end":{"line":9,"column":15}},"9":{"start":{"line":10,"column":0},"end":{"line":10,"column":13}},"10":{"start":{"line":11,"column":0},"end":{"line":11,"column":35}},"11":{"start":{"line":12,"column":0},"end":{"line":12,"column":41}},"12":{"start":{"line":13,"column":0},"end":{"line":13,"column":6}},"13":{"start":{"line":14,"column":0},"end":{"line":14,"column":4}},"14":{"start":{"line":15,"column":0},"end":{"line":15,"column":3}},"15":{"start":{"line":16,"column":0},"end":{"line":16,"column":0}},"16":{"start":{"line":17,"column":0},"end":{"line":17,"column":49}},"17":{"start":{"line":18,"column":0},"end":{"line":18,"column":35}}},"s":{"0":1,"1":1,"2":1,"3":1,"4":1,"5":1,"6":1,"7":1,"8":1,"9":1,"10":1,"11":1,"12":1,"13":1,"14":1,"15":1,"16":1,"17":1},"branchMap":{"0":{"type":"branch","line":11,"loc":{"start":{"line":11,"column":15},"end":{"line":13,"column":6}},"locations":[{"start":{"line":11,"column":15},"end":{"line":13,"column":6}}]}},"b":{"0":[1]},"fnMap":{"0":{"name":"setSearch","decl":{"start":{"line":11,"column":15},"end":{"line":13,"column":6}},"loc":{"start":{"line":11,"column":15},"end":{"line":13,"column":6}},"line":11}},"f":{"0":1}}
,"C:\\Users\\x-cit\\OneDrive\\Рабочий стол\\react_project\\react_project\\src\\pages\\Main.tsx": {"path":"C:\\Users\\x-cit\\OneDrive\\Рабочий стол\\react_project\\react_project\\src\\pages\\Main.tsx","all":false,"statementMap":{"0":{"start":{"line":1,"column":0},"end":{"line":1,"column":26}},"1":{"start":{"line":2,"column":0},"end":{"line":2,"column":40}},"2":{"start":{"line":3,"column":0},"end":{"line":3,"column":46}},"3":{"start":{"line":4,"column":0},"end":{"line":4,"column":59}},"4":{"start":{"line":5,"column":0},"end":{"line":5,"column":0}},"5":{"start":{"line":6,"column":0},"end":{"line":6,"column":41}},"6":{"start":{"line":7,"column":0},"end":{"line":7,"column":10}},"7":{"start":{"line":8,"column":0},"end":{"line":8,"column":6}},"8":{"start":{"line":9,"column":0},"end":{"line":9,"column":35}},"9":{"start":{"line":10,"column":0},"end":{"line":10,"column":18}},"10":{"start":{"line":11,"column":0},"end":{"line":11,"column":30}},"11":{"start":{"line":12,"column":0},"end":{"line":12,"column":12}},"12":{"start":{"line":13,"column":0},"end":{"line":13,"column":7}},"13":{"start":{"line":14,"column":0},"end":{"line":14,"column":4}},"14":{"start":{"line":15,"column":0},"end":{"line":15,"column":2}}},"s":{"0":1,"1":1,"2":1,"3":1,"4":1,"5":1,"6":3,"7":3,"8":3,"9":3,"10":3,"11":3,"12":3,"13":3,"14":3},"branchMap":{"0":{"type":"branch","line":6,"loc":{"start":{"line":6,"column":34},"end":{"line":15,"column":2}},"locations":[{"start":{"line":6,"column":34},"end":{"line":15,"column":2}}]}},"b":{"0":[3]},"fnMap":{"0":{"name":"MainPage","decl":{"start":{"line":6,"column":34},"end":{"line":15,"column":2}},"loc":{"start":{"line":6,"column":34},"end":{"line":15,"column":2}},"line":6}},"f":{"0":3}}
,"C:\\Users\\x-cit\\OneDrive\\Рабочий стол\\react_project\\react_project\\src\\store\\store.ts": {"path":"C:\\Users\\x-cit\\OneDrive\\Рабочий стол\\react_project\\react_project\\src\\store\\store.ts","all":false,"statementMap":{"0":{"start":{"line":1,"column":0},"end":{"line":1,"column":50}},"1":{"start":{"line":2,"column":0},"end":{"line":2,"column":50}},"2":{"start":{"line":3,"column":0},"end":{"line":3,"column":50}},"3":{"start":{"line":4,"column":0},"end":{"line":4,"column":48}},"4":{"start":{"line":5,"column":0},"end":{"line":5,"column":56}},"5":{"start":{"line":6,"column":0},"end":{"line":6,"column":0}},"6":{"start":{"line":7,"column":0},"end":{"line":7,"column":58}},"7":{"start":{"line":8,"column":0},"end":{"line":8,"column":0}},"8":{"start":{"line":9,"column":0},"end":{"line":9,"column":37}},"9":{"start":{"line":10,"column":0},"end":{"line":10,"column":12}},"10":{"start":{"line":11,"column":0},"end":{"line":11,"column":24}},"11":{"start":{"line":12,"column":0},"end":{"line":12,"column":22}},"12":{"start":{"line":13,"column":0},"end":{"line":13,"column":30}},"13":{"start":{"line":14,"column":0},"end":{"line":14,"column":47}},"14":{"start":{"line":15,"column":0},"end":{"line":15,"column":4}},"15":{"start":{"line":16,"column":0},"end":{"line":16,"column":90}},"16":{"start":{"line":17,"column":0},"end":{"line":17,"column":3}}},"s":{"0":1,"1":1,"2":1,"3":1,"4":1,"5":1,"6":1,"7":1,"8":1,"9":1,"10":1,"11":1,"12":1,"13":1,"14":1,"15":1,"16":1},"branchMap":{"0":{"type":"branch","line":16,"loc":{"start":{"line":16,"column":14},"end":{"line":16,"column":90}},"locations":[{"start":{"line":16,"column":14},"end":{"line":16,"column":90}}]}},"b":{"0":[4]},"fnMap":{"0":{"name":"middleware","decl":{"start":{"line":16,"column":14},"end":{"line":16,"column":90}},"loc":{"start":{"line":16,"column":14},"end":{"line":16,"column":90}},"line":16}},"f":{"0":4}}
,"C:\\Users\\x-cit\\OneDrive\\Рабочий стол\\react_project\\react_project\\src\\utils\\get-id.ts": {"path":"C:\\Users\\x-cit\\OneDrive\\Рабочий стол\\react_project\\react_project\\src\\utils\\get-id.ts","all":false,"statementMap":{"0":{"start":{"line":1,"column":0},"end":{"line":1,"column":39}},"1":{"start":{"line":2,"column":0},"end":{"line":2,"column":29}},"2":{"start":{"line":3,"column":0},"end":{"line":3,"column":29}},"3":{"start":{"line":4,"column":0},"end":{"line":4,"column":2}}},"s":{"0":1,"1":1,"2":1,"3":1},"branchMap":{"0":{"type":"branch","line":1,"loc":{"start":{"line":1,"column":21},"end":{"line":4,"column":2}},"locations":[{"start":{"line":1,"column":21},"end":{"line":4,"column":2}}]}},"b":{"0":[1]},"fnMap":{"0":{"name":"getId","decl":{"start":{"line":1,"column":21},"end":{"line":4,"column":2}},"loc":{"start":{"line":1,"column":21},"end":{"line":4,"column":2}},"line":1}},"f":{"0":1}}
}
